<?xml version="1.0" encoding="utf-8"?><testsuites><testsuite name="pytest" errors="0" failures="0" skipped="0" tests="6" time="40.230" timestamp="2021-06-26T13:51:28.200627" hostname="HAWKEYE"><testcase classname="test_SeleniumPracticePage.Test_SeleniumPacticePage" name="test_RadioBtn_Handling" time="6.199" /><testcase classname="test_SeleniumPracticePage.Test_SeleniumPacticePage" name="test_CheckBox_Handling" time="6.867" /><testcase classname="test_SeleniumPracticePage.Test_SeleniumPacticePage" name="test_StaticDropDown_Handling" time="6.950" /><testcase classname="test_e2eTC1.Test_prospectModule" name="test_GreenCardFnValidation" time="14.404" /><testcase classname="test_e2e_PC_TC2.Test_e2e_ProtoCommerce" name="test_e2e_formSubmission[getData0]" time="3.083" /><testcase classname="test_e2e_PC_TC2.Test_e2e_ProtoCommerce" name="test_e2e_formSubmission[getData1]" time="2.678" /></testsuite></testsuites>